<?xml version="1.0" encoding="UTF-8"?>
<testsuite name="com.crowcompass.takehome.util.InternationalFixedCalendarTest" tests="4" skipped="0" failures="0" errors="0" timestamp="2017-04-29T06:25:15" hostname="Claytons-MacBook-Pro.local" time="0.355">
  <properties/>
  <testcase name="testLeapYearIFCDateConversion" classname="com.crowcompass.takehome.util.InternationalFixedCalendarTest" time="0.352"/>
  <testcase name="testNumberOfMonthsGregorian" classname="com.crowcompass.takehome.util.InternationalFixedCalendarTest" time="0.0"/>
  <testcase name="testYearDayIFCDateConversion" classname="com.crowcompass.takehome.util.InternationalFixedCalendarTest" time="0.0"/>
  <testcase name="testBasicIFCDateConversion" classname="com.crowcompass.takehome.util.InternationalFixedCalendarTest" time="0.0"/>
  <system-out><![CDATA[]]></system-out>
  <system-err><![CDATA[]]></system-err>
</testsuite>
